# JRE version: Java(TM) SE Runtime Environment (8.0_141-b15) (build 1.8.0_141-b15)
# Java VM: Java HotSpot(TM) 64-Bit Server VM (25.141-b15 mixed mode windows-amd64 compressed oops)
Heap:
 PSYoungGen      total 271360K, used 133287K [0x00000000d6200000, 0x00000000ee380000, 0x0000000100000000)
  eden space 259072K, 46% used [0x00000000d6200000,0x00000000dd82bb28,0x00000000e5f00000)
  from space 12288K, 99% used [0x00000000ed780000,0x00000000ee37e4b0,0x00000000ee380000)
  to   space 10752K, 0% used [0x00000000e5f00000,0x00000000e5f00000,0x00000000e6980000)
 ParOldGen       total 73728K, used 16823K [0x0000000082600000, 0x0000000086e00000, 0x00000000d6200000)
  object space 73728K, 22% used [0x0000000082600000,0x000000008366dc30,0x0000000086e00000)
 Metaspace       used 44061K, capacity 46762K, committed 46848K, reserved 1089536K
  class space    used 5943K, capacity 6385K, committed 6400K, reserved 1048576K
GC Heap History (10 events):
Event: 3.297 GC heap before
{Heap before GC invocations=6 (full 1):
 PSYoungGen      total 136192K, used 5089K [0x00000000d6200000, 0x00000000e7400000, 0x0000000100000000)
  eden space 131072K, 0% used [0x00000000d6200000,0x00000000d6200000,0x00000000de200000)
  from space 5120K, 99% used [0x00000000de200000,0x00000000de6f87f8,0x00000000de700000)
  to   space 9216K, 0% used [0x00000000e6b00000,0x00000000e6b00000,0x00000000e7400000)
 ParOldGen       total 86016K, used 6244K [0x0000000082600000, 0x0000000087a00000, 0x00000000d6200000)
  object space 86016K, 7% used [0x0000000082600000,0x0000000082c190b0,0x0000000087a00000)
 Metaspace       used 19936K, capacity 21174K, committed 21296K, reserved 1067008K
  class space    used 2579K, capacity 2859K, committed 2944K, reserved 1048576K
Event: 3.337 GC heap after
Heap after GC invocations=6 (full 1):
 PSYoungGen      total 136192K, used 0K [0x00000000d6200000, 0x00000000e7400000, 0x0000000100000000)
  eden space 131072K, 0% used [0x00000000d6200000,0x00000000d6200000,0x00000000de200000)
  from space 5120K, 0% used [0x00000000de200000,0x00000000de200000,0x00000000de700000)
  to   space 9216K, 0% used [0x00000000e6b00000,0x00000000e6b00000,0x00000000e7400000)
 ParOldGen       total 51200K, used 6614K [0x0000000082600000, 0x0000000085800000, 0x00000000d6200000)
  object space 51200K, 12% used [0x0000000082600000,0x0000000082c75bb8,0x0000000085800000)
 Metaspace       used 19936K, capacity 21174K, committed 21296K, reserved 1067008K
  class space    used 2579K, capacity 2859K, committed 2944K, reserved 1048576K
}
Event: 6.711 GC heap before
{Heap before GC invocations=7 (full 1):
 PSYoungGen      total 136192K, used 131072K [0x00000000d6200000, 0x00000000e7400000, 0x0000000100000000)
  eden space 131072K, 100% used [0x00000000d6200000,0x00000000de200000,0x00000000de200000)
  from space 5120K, 0% used [0x00000000de200000,0x00000000de200000,0x00000000de700000)
  to   space 9216K, 0% used [0x00000000e6b00000,0x00000000e6b00000,0x00000000e7400000)
 ParOldGen       total 51200K, used 6614K [0x0000000082600000, 0x0000000085800000, 0x00000000d6200000)
  object space 51200K, 12% used [0x0000000082600000,0x0000000082c75bb8,0x0000000085800000)
 Metaspace       used 28825K, capacity 30450K, committed 30592K, reserved 1075200K
  class space    used 3869K, capacity 4207K, committed 4224K, reserved 1048576K
Event: 6.723 GC heap after
Heap after GC invocations=7 (full 1):
 PSYoungGen      total 232960K, used 9215K [0x00000000d6200000, 0x00000000e7400000, 0x0000000100000000)
  eden space 223744K, 0% used [0x00000000d6200000,0x00000000d6200000,0x00000000e3c80000)
  from space 9216K, 99% used [0x00000000e6b00000,0x00000000e73ffd78,0x00000000e7400000)
  to   space 10752K, 0% used [0x00000000e5f00000,0x00000000e5f00000,0x00000000e6980000)
 ParOldGen       total 51200K, used 7025K [0x0000000082600000, 0x0000000085800000, 0x00000000d6200000)
  object space 51200K, 13% used [0x0000000082600000,0x0000000082cdc678,0x0000000085800000)
 Metaspace       used 28825K, capacity 30450K, committed 30592K, reserved 1075200K
  class space    used 3869K, capacity 4207K, committed 4224K, reserved 1048576K
}
Event: 8.555 GC heap before
{Heap before GC invocations=8 (full 1):
 PSYoungGen      total 232960K, used 144527K [0x00000000d6200000, 0x00000000e7400000, 0x0000000100000000)
  eden space 223744K, 60% used [0x00000000d6200000,0x00000000de624150,0x00000000e3c80000)
  from space 9216K, 99% used [0x00000000e6b00000,0x00000000e73ffd78,0x00000000e7400000)
  to   space 10752K, 0% used [0x00000000e5f00000,0x00000000e5f00000,0x00000000e6980000)
 ParOldGen       total 51200K, used 7025K [0x0000000082600000, 0x0000000085800000, 0x00000000d6200000)
  object space 51200K, 13% used [0x0000000082600000,0x0000000082cdc678,0x0000000085800000)
 Metaspace       used 33620K, capacity 35442K, committed 35496K, reserved 1079296K
  class space    used 4486K, capacity 4845K, committed 4864K, reserved 1048576K
Event: 8.563 GC heap after
Heap after GC invocations=8 (full 1):
 PSYoungGen      total 269824K, used 10183K [0x00000000d6200000, 0x00000000ee380000, 0x0000000100000000)
  eden space 259072K, 0% used [0x00000000d6200000,0x00000000d6200000,0x00000000e5f00000)
  from space 10752K, 94% used [0x00000000e5f00000,0x00000000e68f1d18,0x00000000e6980000)
  to   space 12288K, 0% used [0x00000000ed780000,0x00000000ed780000,0x00000000ee380000)
 ParOldGen       total 51200K, used 7033K [0x0000000082600000, 0x0000000085800000, 0x00000000d6200000)
  object space 51200K, 13% used [0x0000000082600000,0x0000000082cde678,0x0000000085800000)
 Metaspace       used 33620K, capacity 35442K, committed 35496K, reserved 1079296K
  class space    used 4486K, capacity 4845K, committed 4864K, reserved 1048576K
}
Event: 8.563 GC heap before
{Heap before GC invocations=9 (full 2):
 PSYoungGen      total 269824K, used 10183K [0x00000000d6200000, 0x00000000ee380000, 0x0000000100000000)
  eden space 259072K, 0% used [0x00000000d6200000,0x00000000d6200000,0x00000000e5f00000)
  from space 10752K, 94% used [0x00000000e5f00000,0x00000000e68f1d18,0x00000000e6980000)
  to   space 12288K, 0% used [0x00000000ed780000,0x00000000ed780000,0x00000000ee380000)
 ParOldGen       total 51200K, used 7033K [0x0000000082600000, 0x0000000085800000, 0x00000000d6200000)
  object space 51200K, 13% used [0x0000000082600000,0x0000000082cde678,0x0000000085800000)
 Metaspace       used 33620K, capacity 35442K, committed 35496K, reserved 1079296K
  class space    used 4486K, capacity 4845K, committed 4864K, reserved 1048576K
Event: 8.632 GC heap after
Heap after GC invocations=9 (full 2):
 PSYoungGen      total 269824K, used 0K [0x00000000d6200000, 0x00000000ee380000, 0x0000000100000000)
  eden space 259072K, 0% used [0x00000000d6200000,0x00000000d6200000,0x00000000e5f00000)
  from space 10752K, 0% used [0x00000000e5f00000,0x00000000e5f00000,0x00000000e6980000)
  to   space 12288K, 0% used [0x00000000ed780000,0x00000000ed780000,0x00000000ee380000)
 ParOldGen       total 73728K, used 14618K [0x0000000082600000, 0x0000000086e00000, 0x00000000d6200000)
  object space 73728K, 19% used [0x0000000082600000,0x0000000083446bf0,0x0000000086e00000)
 Metaspace       used 33620K, capacity 35442K, committed 35496K, reserved 1079296K
  class space    used 4486K, capacity 4845K, committed 4864K, reserved 1048576K
}
Event: 13.628 GC heap before
{Heap before GC invocations=10 (full 2):
 PSYoungGen      total 269824K, used 259072K [0x00000000d6200000, 0x00000000ee380000, 0x0000000100000000)
  eden space 259072K, 100% used [0x00000000d6200000,0x00000000e5f00000,0x00000000e5f00000)
  from space 10752K, 0% used [0x00000000e5f00000,0x00000000e5f00000,0x00000000e6980000)
  to   space 12288K, 0% used [0x00000000ed780000,0x00000000ed780000,0x00000000ee380000)
 ParOldGen       total 73728K, used 14618K [0x0000000082600000, 0x0000000086e00000, 0x00000000d6200000)
  object space 73728K, 19% used [0x0000000082600000,0x0000000083446bf0,0x0000000086e00000)
 Metaspace       used 41351K, capacity 43870K, committed 44160K, reserved 1087488K
  class space    used 5478K, capacity 5915K, committed 6016K, reserved 1048576K
Event: 13.650 GC heap after
Heap after GC invocations=10 (full 2):
 PSYoungGen      total 271360K, used 12281K [0x00000000d6200000, 0x00000000ee380000, 0x0000000100000000)
  eden space 259072K, 0% used [0x00000000d6200000,0x00000000d6200000,0x00000000e5f00000)
  from space 12288K, 99% used [0x00000000ed780000,0x00000000ee37e4b0,0x00000000ee380000)
  to   space 10752K, 0% used [0x00000000e5f00000,0x00000000e5f00000,0x00000000e6980000)
 ParOldGen       total 73728K, used 16823K [0x0000000082600000, 0x0000000086e00000, 0x00000000d6200000)
  object space 73728K, 22% used [0x0000000082600000,0x000000008366dc30,0x0000000086e00000)
 Metaspace       used 41351K, capacity 43870K, committed 44160K, reserved 1087488K
  class space    used 5478K, capacity 5915K, committed 6016K, reserved 1048576K
}

